[0409/150432.698:INFO:CONSOLE:185] "Event handler of 'x-storagemutated-1' event must be added on the initial evaluation of worker script.", source: https://static.whatsapp.net/rsrc.php/v4/yD/r/fUDahOgzNBO.js (185)
[0409/150433.418:INFO:CONSOLE:79] "ErrorUtils caught an error:

[storage] storage bucket persistence denied (aquire-persistent-storage-denied)

Subsequent non-fatal errors won't be logged; see https://fburl.com/debugjs. [object Object]", source: https://static.whatsapp.net/rsrc.php/v4/ym/r/D86XEw3a--O.js (79)
[0409/150434.790:INFO:CONSOLE:0] "[.WebGL-0xccc05345400]GL Driver Message (OpenGL, Performance, GL_CLOSE_PATH_NV, High): GPU stall due to ReadPixels", source: https://web.whatsapp.com/ (0)
[0409/150439.047:INFO:CONSOLE:0] "[.WebGL-0xccc0274e300]GL Driver Message (OpenGL, Performance, GL_CLOSE_PATH_NV, High): GPU stall due to ReadPixels", source: https://web.whatsapp.com/ (0)
[0409/150439.784:INFO:CONSOLE:79] "ErrorUtils caught an error:

[storage] storage bucket persistence denied (aquire-persistent-storage-denied)

Subsequent non-fatal errors won't be logged; see https://fburl.com/debugjs. [object Object]", source: https://static.whatsapp.net/rsrc.php/v4/ym/r/D86XEw3a--O.js (79)
[0409/150440.005:INFO:CONSOLE:0] "[.WebGL-0xccc0eca4000]GL Driver Message (OpenGL, Performance, GL_CLOSE_PATH_NV, High): GPU stall due to ReadPixels", source: https://web.whatsapp.com/send?phone=5531984163357&text=%F0%9F%93%A6%20%2AATUALIZA%C3%87%C3%83O%20DE%20RASTREAMENTO%2A%0A%0AOl%C3%A1%20%2ACAIXA%20ESCOLAR%20TENENTE%20SEBASTI%C3%83O%20XAVIER%2A%2C%0A%0ASeu%20pedido%20teve%20uma%20atualiza%C3%A7%C3%A3o%20importante%3A%0A%0A%E2%9C%85%20%2ASAIU%20PARA%20ENTREGA%20AO%20DESTINAT%C3%81RIO%2A%0A%0A%2ADetalhes%3A%2A%0A%F0%9F%94%B9%20Pedido%3A%202451%0A%F0%9F%94%B9%20Rastreamento%3A%202026-04-09%2009%3A35%3A37%0A%F0%9F%93%8D%20Origem%3A%20Betim%20-%20MG%0A%F0%9F%93%8D%20Destino%3A%20Guanh%C3%A3es%20-%20MG%0A%F0%9F%94%B9%20Atualizado%20em%3A%2009/04/2026%2015%3A04%0A%0A%F0%9F%94%97%20Acompanhe%3A%20https%3A//www.correios.com.br%0A%0A_Allcanci%20Tecnologia_ (0)
[0409/150443.947:INFO:CONSOLE:0] "[.WebGL-0xccc07b20600]GL Driver Message (OpenGL, Performance, GL_CLOSE_PATH_NV, High): GPU stall due to ReadPixels (this message will no longer repeat)", source: https://web.whatsapp.com/ (0)
[0409/150454.099:INFO:CONSOLE:0] "Access to fetch at 'https://dit.whatsapp.net/deidentified_telemetry' from origin 'https://web.whatsapp.com' has been blocked by CORS policy: No 'Access-Control-Allow-Origin' header is present on the requested resource.", source: https://web.whatsapp.com/ (0)
[0409/150454.773:INFO:CONSOLE:0] "Access to fetch at 'https://dit.whatsapp.net/deidentified_telemetry' from origin 'https://web.whatsapp.com' has been blocked by CORS policy: No 'Access-Control-Allow-Origin' header is present on the requested resource.", source: https://web.whatsapp.com/ (0)
[0409/150455.573:INFO:CONSOLE:0] "Access to fetch at 'https://dit.whatsapp.net/deidentified_telemetry' from origin 'https://web.whatsapp.com' has been blocked by CORS policy: No 'Access-Control-Allow-Origin' header is present on the requested resource.", source: https://web.whatsapp.com/ (0)
[0409/150456.873:INFO:CONSOLE:0] "Access to fetch at 'https://dit.whatsapp.net/deidentified_telemetry' from origin 'https://web.whatsapp.com' has been blocked by CORS policy: No 'Access-Control-Allow-Origin' header is present on the requested resource.", source: https://web.whatsapp.com/ (0)
[0409/152310.020:INFO:CONSOLE:0] "Access to fetch at 'https://dit.whatsapp.net/deidentified_telemetry' from origin 'https://web.whatsapp.com' has been blocked by CORS policy: No 'Access-Control-Allow-Origin' header is present on the requested resource.", source: https://web.whatsapp.com/ (0)
[0409/152310.582:INFO:CONSOLE:0] "Access to fetch at 'https://dit.whatsapp.net/deidentified_telemetry' from origin 'https://web.whatsapp.com' has been blocked by CORS policy: No 'Access-Control-Allow-Origin' header is present on the requested resource.", source: https://web.whatsapp.com/ (0)
[0409/152311.351:INFO:CONSOLE:0] "Access to fetch at 'https://dit.whatsapp.net/deidentified_telemetry' from origin 'https://web.whatsapp.com' has been blocked by CORS policy: No 'Access-Control-Allow-Origin' header is present on the requested resource.", source: https://web.whatsapp.com/ (0)
[0409/152312.783:INFO:CONSOLE:0] "Access to fetch at 'https://dit.whatsapp.net/deidentified_telemetry' from origin 'https://web.whatsapp.com' has been blocked by CORS policy: No 'Access-Control-Allow-Origin' header is present on the requested resource.", source: https://web.whatsapp.com/ (0)
[0409/152814.073:INFO:CONSOLE:0] "Access to fetch at 'https://dit.whatsapp.net/deidentified_telemetry' from origin 'https://web.whatsapp.com' has been blocked by CORS policy: No 'Access-Control-Allow-Origin' header is present on the requested resource.", source: https://web.whatsapp.com/ (0)
[0409/152814.753:INFO:CONSOLE:0] "Access to fetch at 'https://dit.whatsapp.net/deidentified_telemetry' from origin 'https://web.whatsapp.com' has been blocked by CORS policy: No 'Access-Control-Allow-Origin' header is present on the requested resource.", source: https://web.whatsapp.com/ (0)
[0409/152815.506:INFO:CONSOLE:0] "Access to fetch at 'https://dit.whatsapp.net/deidentified_telemetry' from origin 'https://web.whatsapp.com' has been blocked by CORS policy: No 'Access-Control-Allow-Origin' header is present on the requested resource.", source: https://web.whatsapp.com/ (0)
[0409/152817.004:INFO:CONSOLE:0] "Access to fetch at 'https://dit.whatsapp.net/deidentified_telemetry' from origin 'https://web.whatsapp.com' has been blocked by CORS policy: No 'Access-Control-Allow-Origin' header is present on the requested resource.", source: https://web.whatsapp.com/ (0)
[0409/153313.712:INFO:CONSOLE:0] "Access to fetch at 'https://dit.whatsapp.net/deidentified_telemetry' from origin 'https://web.whatsapp.com' has been blocked by CORS policy: No 'Access-Control-Allow-Origin' header is present on the requested resource.", source: https://web.whatsapp.com/ (0)
[0409/153314.238:INFO:CONSOLE:0] "Access to fetch at 'https://dit.whatsapp.net/deidentified_telemetry' from origin 'https://web.whatsapp.com' has been blocked by CORS policy: No 'Access-Control-Allow-Origin' header is present on the requested resource.", source: https://web.whatsapp.com/ (0)
[0409/153315.180:INFO:CONSOLE:0] "Access to fetch at 'https://dit.whatsapp.net/deidentified_telemetry' from origin 'https://web.whatsapp.com' has been blocked by CORS policy: No 'Access-Control-Allow-Origin' header is present on the requested resource.", source: https://web.whatsapp.com/ (0)
[0409/153316.649:INFO:CONSOLE:0] "Access to fetch at 'https://dit.whatsapp.net/deidentified_telemetry' from origin 'https://web.whatsapp.com' has been blocked by CORS policy: No 'Access-Control-Allow-Origin' header is present on the requested resource.", source: https://web.whatsapp.com/ (0)
[0409/154211.220:INFO:CONSOLE:0] "Access to fetch at 'https://dit.whatsapp.net/deidentified_telemetry' from origin 'https://web.whatsapp.com' has been blocked by CORS policy: No 'Access-Control-Allow-Origin' header is present on the requested resource.", source: https://web.whatsapp.com/ (0)
[0409/154211.759:INFO:CONSOLE:0] "Access to fetch at 'https://dit.whatsapp.net/deidentified_telemetry' from origin 'https://web.whatsapp.com' has been blocked by CORS policy: No 'Access-Control-Allow-Origin' header is present on the requested resource.", source: https://web.whatsapp.com/ (0)
[0409/154212.580:INFO:CONSOLE:0] "Access to fetch at 'https://dit.whatsapp.net/deidentified_telemetry' from origin 'https://web.whatsapp.com' has been blocked by CORS policy: No 'Access-Control-Allow-Origin' header is present on the requested resource.", source: https://web.whatsapp.com/ (0)
[0409/154213.881:INFO:CONSOLE:0] "Access to fetch at 'https://dit.whatsapp.net/deidentified_telemetry' from origin 'https://web.whatsapp.com' has been blocked by CORS policy: No 'Access-Control-Allow-Origin' header is present on the requested resource.", source: https://web.whatsapp.com/ (0)
[0409/161325.895:INFO:CONSOLE:0] "Access to fetch at 'https://dit.whatsapp.net/deidentified_telemetry' from origin 'https://web.whatsapp.com' has been blocked by CORS policy: No 'Access-Control-Allow-Origin' header is present on the requested resource.", source: https://web.whatsapp.com/ (0)
[0409/161326.425:INFO:CONSOLE:0] "Access to fetch at 'https://dit.whatsapp.net/deidentified_telemetry' from origin 'https://web.whatsapp.com' has been blocked by CORS policy: No 'Access-Control-Allow-Origin' header is present on the requested resource.", source: https://web.whatsapp.com/ (0)
[0409/161327.221:INFO:CONSOLE:0] "Access to fetch at 'https://dit.whatsapp.net/deidentified_telemetry' from origin 'https://web.whatsapp.com' has been blocked by CORS policy: No 'Access-Control-Allow-Origin' header is present on the requested resource.", source: https://web.whatsapp.com/ (0)
[0409/161328.542:INFO:CONSOLE:0] "Access to fetch at 'https://dit.whatsapp.net/deidentified_telemetry' from origin 'https://web.whatsapp.com' has been blocked by CORS policy: No 'Access-Control-Allow-Origin' header is present on the requested resource.", source: https://web.whatsapp.com/ (0)
[0409/162112.825:INFO:CONSOLE:0] "Access to fetch at 'https://dit.whatsapp.net/deidentified_telemetry' from origin 'https://web.whatsapp.com' has been blocked by CORS policy: No 'Access-Control-Allow-Origin' header is present on the requested resource.", source: https://web.whatsapp.com/ (0)
[0409/162113.369:INFO:CONSOLE:0] "Access to fetch at 'https://dit.whatsapp.net/deidentified_telemetry' from origin 'https://web.whatsapp.com' has been blocked by CORS policy: No 'Access-Control-Allow-Origin' header is present on the requested resource.", source: https://web.whatsapp.com/ (0)
[0409/162114.205:INFO:CONSOLE:0] "Access to fetch at 'https://dit.whatsapp.net/deidentified_telemetry' from origin 'https://web.whatsapp.com' has been blocked by CORS policy: No 'Access-Control-Allow-Origin' header is present on the requested resource.", source: https://web.whatsapp.com/ (0)
[0409/162115.494:INFO:CONSOLE:0] "Access to fetch at 'https://dit.whatsapp.net/deidentified_telemetry' from origin 'https://web.whatsapp.com' has been blocked by CORS policy: No 'Access-Control-Allow-Origin' header is present on the requested resource.", source: https://web.whatsapp.com/ (0)
